Qflow migration logfile created on Mon May 6 17:22:22 KST 2024
magic -dnull -noconsole  migrate_ALU_wrapper.tcl

Magic 8.3 revision 478 - Compiled on Sun May  5 22:15:24 KST 2024.
Starting magic under Tcl interpreter
Using the terminal as the console.
Using NULL graphics device.
Processing system .magicrc file
Input style lambda=0.30(p): scaleFactor=30, multiplier=1
Contact size value ignored (using GDS generation rules).
Contact size value ignored (using GDS generation rules).
Contact size value ignored (using GDS generation rules).
Contact size value ignored (using GDS generation rules).
Contact size value ignored (using GDS generation rules).
Contact size value ignored (using GDS generation rules).
The following types are not handled by extraction and will be treated as non-electrical types:
    n_field_implant p_field_implant nselect pselect glass filln filla fillb xp m1p m2p m3p comment bb 
2 Magic internal units = 1 Lambda
Loading "migrate_ALU_wrapper.tcl" from command line.
Root cell box:
           width x height  (   llx,  lly  ), (   urx,  ury  )

microns:   0.000 x 0.000   ( 0.000,  0.000), ( 0.000,  0.000)
lambda:     0.00 x 0.00    (  0.00,  0.00 ), (  0.00,  0.00 )
internal:      0 x 0       (     0,  0    ), (     0,  0    )
Reading LEF data from file /usr/local/share/qflow/tech/etri050/etri050_stdcells.lef.
This action cannot be undone.
LEF read: Processed 3327 lines.
Reading DEF data from file ALU_wrapper.def.
This action cannot be undone.
DEF read, Line 13 (Error): END statement out of context.
  Processed 4393 subcell instances total.
  Processed 24 pins total.
  Processed 994 nets total.
DEF read, Line 20438 (Warning): Number of nets read (537) does not match the number declared (538).
DEF read: Processed 20440 lines.
DEF Read: encountered 1 error total.
DEF Read: encountered 1 warning total.
Generating LEF output ALU_wrapper.lef for cell ALU_wrapper:
Diagnostic:  Write LEF header for cell ALU_wrapper
Diagnostic:  Writing LEF output for cell ALU_wrapper
Diagnostic:  Scale value is 0.150000
Extracting FILL into FILL.ext:
Extracting BUFX2 into BUFX2.ext:
Extracting INVX1 into INVX1.ext:
Extracting AOI21X1 into AOI21X1.ext:
Extracting OAI21X1 into OAI21X1.ext:
Extracting NOR2X1 into NOR2X1.ext:
Extracting NAND3X1 into NAND3X1.ext:
Extracting NAND2X1 into NAND2X1.ext:
Extracting OR2X2 into OR2X2.ext:
Extracting AND2X2 into AND2X2.ext:
Extracting AOI22X1 into AOI22X1.ext:
Extracting NOR3X1 into NOR3X1.ext:
Extracting XOR2X1 into XOR2X1.ext:
Extracting XNOR2X1 into XNOR2X1.ext:
Extracting DFFSR into DFFSR.ext:
Extracting OAI22X1 into OAI22X1.ext:
Extracting CLKBUF1 into CLKBUF1.ext:
Extracting INVX2 into INVX2.ext:
Extracting INVX4 into INVX4.ext:
Extracting INVX8 into INVX8.ext:
Extracting MUX2X1 into MUX2X1.ext:
Extracting ALU_wrapper into ALU_wrapper.ext:
exttospice finished.
Migration script ended on Mon May 6 17:22:23 KST 2024
