Qflow placement logfile created on Tue May 14 15:16:43 KST 2024
Restoring ALU_wrapper.rtl.v, ALU_wrapper.rtlnopwr.v, and ALU_wrapper.rtlbb.v from pre-placement backups
Running vlog2Cel to generate input files for graywolf
vlog2Cel  -l  /usr/local/share/qflow/tech/etri050/etri050_stdcells.lef -u 100 -o /home/goodkook/ETRI050_DesignKit/devel/Ref_Design/ALU8/layout/ALU_wrapper.cel /home/goodkook/ETRI050_DesignKit/devel/Ref_Design/ALU8/synthesis/ALU_wrapper.rtlnopwr.v
No ALU_wrapper.cel1 file found for project. . . no partial blockages to apply to layout.
Running decongest to set initial density of 0.54
decongest.tcl ALU_wrapper  /usr/local/share/qflow/tech/etri050/etri050_stdcells.lef FILL,,, 0.54 --units=100 --lib=/usr/local/share/qflow/tech/etri050/etri05_stdcells.lib
Reading FILL {} {} {} macros from LEF file.
Unexpected input in LEF file:  Only macro defs were expected!
Line is:   NOWIREEXTENSIONATPIN ON ;
decongest.tcl:
Fixed density planning, density = 0.54
Number of cells = 981, total width = 1216200
Width of fill = 1036022
Width of decap = 0
Width of antenna = 0
Width of body ties = 0

Done!
No ALU_wrapper.cel2 file found for project. . . continuing without pin placement hints
Running GrayWolf placement
graywolf  ALU_wrapper

twflow version:2.1 date:Mon May 25 21:15:08 EDT 1992
Authors: Bill Swartz, Carl Sechen
         Yale University

syntax version:v1.1 date:Mon May 25 21:11:10 EDT 1992
TimberWolf System Syntax Checker
Authors: Carl Sechen, Kai-Win Lee, Bill Swartz,
         Dahe Chen, and Jimmy Lam
         Yale University

Read   50 objects so far...
Read  100 objects so far...
Read  150 objects so far...
Read  200 objects so far...
Read  250 objects so far...
Read  300 objects so far...
Read  350 objects so far...
Read  400 objects so far...
Read  450 objects so far...
Read  500 objects so far...
Read  550 objects so far...
Read  600 objects so far...
Read  650 objects so far...
Read  700 objects so far...
Read  750 objects so far...
Read  800 objects so far...
Read  850 objects so far...
Read  900 objects so far...
Read  950 objects so far...
Read 1000 objects so far...
No syntax errors were found

syntax terminated normally with no errors and 0 warning[s]


----------------------------
Total stdcells     :981
Total cell width   :2.25e+06
Total cell height  :3.83e+06
Total cell area    :8.78e+09
Total core area    :8.78e+09
Average cell height:3.90e+03


nocut - replacement for Mincut version:v1.0 date:Mon May 25 21:09:40 EDT 1992
TimberWolf System Floorplan Setup Program
Authors: Carl Sechen, Bill Swartz,
         Yale University

Read   50 objects so far...
Read  100 objects so far...
Read  150 objects so far...
Read  200 objects so far...
Read  250 objects so far...
Read  300 objects so far...
Read  350 objects so far...
Read  400 objects so far...
Read  450 objects so far...
Read  500 objects so far...
Read  550 objects so far...
Read  600 objects so far...
Read  650 objects so far...
Read  700 objects so far...
Read  750 objects so far...
Read  800 objects so far...
Read  850 objects so far...
Read  900 objects so far...
Read  950 objects so far...
Read 1000 objects so far...
Splitting ALU_wrapper.cel into ALU_wrapper.scel and ALU_wrapper.mcel...
	done!


nocut - replacement for Mincut terminated normally with no errors and 0 warning[s]


TimberWolfMC version:v2.2 date:Mon May 25 21:18:34 EDT 1992
Authors: Carl Sechen, Bill Swartz, Kai-Win Lee
         Dahe Chen, and Jimmy Lam
         Yale University

config version:v1.0 date:Mon May 25 20:57:18 EDT 1992
Row configuration program
    Yale University


config switches:
	Graphics mode on
	config will inherit window



config terminated normally with no errors and 0 warning[s]


TimberWolfMC terminated normally with no errors and 0 warning[s]



TimberWolfSC switches:
	Graphics mode on
	TimberWolfSC will inherit window

TimberWolfSC version:v6.0 date:Mon May 25 21:19:07 EDT 1992
Row-Based Placement and Global Routing Program
Authors: Carl Sechen, Kai-Win Lee, and Bill Swartz,
         Yale University
  0 
  1   2   3   4   5   6   7   8   9  10  11  12  13  14  15 
 16  17  18  19  20  21  22  23  24  25  26  27  28  29  30 
 31  32  33  34  35  36  37  38  39  40  41  42  43  44  45 
 46  47  48  49  50  51  52  53  54  55  56  57  58  59  60 
 61  62  63  64  65  66  67  68  69  70  71  72  73  74  75 
 76  77  78  79  80  81  82  83  84  85  86  87  88  89  90 
 91  92  93  94  95  96  97  98  99 100 101 102 103 104 105 
106 107 108 109 110 111 112 113 114 115 116 117 118 119 120 
121 122 123 124 125 126 127 128 129 130 131 132 133 134 135 
136 137 138 139 140 141 142 143 144 145 146 147 148 149 150 
151 152 153 154 155 156 157 158 
 block left edge is at -299
 the longest block length is 95100
 building the steiner trees
 rebuilding the steiner tree

----start doing coarse global routing ------ 
 ITERATION  1
 ITERATION  2
 ITERATION  3

  longest Row is:6   Its length is:95700
 doing feed-through pins assignment
 building the net-tree now !
 set up the global routing grids
 the starting value of tracks =  240
 tracks = 225 at attempts =  1000
 tracks = 224 at attempts =  2000
 tracks = 223 at attempts =  3000
 tracks = 222 at attempts =  4000
 tracks = 221 at attempts =  5000
 tracks = 221 at attempts =  6000
 tracks = 221 at attempts =  7000
 tracks = 221 at attempts =  8000
 tracks = 221 at attempts =  9000
 tracks = 221 at attempts = 10000
 tracks = 221 at attempts = 11000
 tracks = 221 at attempts = 12000
 tracks = 221 at attempts = 13000
 tracks = 221 at attempts = 14000
 tracks = 221 at attempts = 15000
 tracks = 221 at attempts = 16000
 tracks = 221 at attempts = 17000
 tracks = 221 at attempts = 18000
 tracks = 221 at attempts = 19000
 tracks = 221 at attempts = 20000
 tracks = 221 at attempts = 21000
 tracks = 221 at attempts = 22000
 tracks = 221 at attempts = 23000
 tracks = 221 at attempts = 24000
 removing redundant feed-through pins
 the connectivity of all the nets is verified

 block left edge is at -299
 the longest block length is 95100
 building the steiner trees
 rebuilding the steiner tree

----start doing coarse global routing ------ 
 ITERATION  1
 ITERATION  2

  longest Row is:6   Its length is:95700
 doing feed-through pins assignment
 building the net-tree now !
 set up the global routing grids
 the starting value of tracks =  240
 tracks = 226 at attempts =  1000
 tracks = 222 at attempts =  2000
 tracks = 221 at attempts =  3000
 tracks = 221 at attempts =  4000
 tracks = 221 at attempts =  5000
 tracks = 220 at attempts =  6000
 tracks = 220 at attempts =  7000
 tracks = 220 at attempts =  8000
 tracks = 220 at attempts =  9000
 tracks = 220 at attempts = 10000
 tracks = 220 at attempts = 11000
 tracks = 220 at attempts = 12000
 tracks = 220 at attempts = 13000
 tracks = 220 at attempts = 14000
 tracks = 220 at attempts = 15000
 tracks = 220 at attempts = 16000
 tracks = 220 at attempts = 17000
 tracks = 220 at attempts = 18000
 tracks = 220 at attempts = 19000
 tracks = 220 at attempts = 20000
 tracks = 220 at attempts = 21000
 tracks = 220 at attempts = 22000
 tracks = 220 at attempts = 23000
 tracks = 220 at attempts = 24000
 removing redundant feed-through pins
 the connectivity of all the nets is verified

 block left edge is at -299
 the longest block length is 95100
 building the steiner trees
 rebuilding the steiner tree

----start doing coarse global routing ------ 
 ITERATION  1
 ITERATION  2
 ITERATION  3

  longest Row is:6   Its length is:95700
 doing feed-through pins assignment
 building the net-tree now !
 set up the global routing grids
 the starting value of tracks =  230
 tracks = 220 at attempts =  1000
 tracks = 217 at attempts =  2000
 tracks = 217 at attempts =  3000
 tracks = 215 at attempts =  4000
 tracks = 215 at attempts =  5000
 tracks = 215 at attempts =  6000
 tracks = 215 at attempts =  7000
 tracks = 215 at attempts =  8000
 tracks = 215 at attempts =  9000
 tracks = 215 at attempts = 10000
 tracks = 215 at attempts = 11000
 tracks = 215 at attempts = 12000
 tracks = 215 at attempts = 13000
 tracks = 215 at attempts = 14000
 tracks = 215 at attempts = 15000
 tracks = 215 at attempts = 16000
 tracks = 215 at attempts = 17000
 tracks = 215 at attempts = 18000
 tracks = 215 at attempts = 19000
 tracks = 215 at attempts = 20000
 tracks = 215 at attempts = 21000
 tracks = 215 at attempts = 22000
 tracks = 215 at attempts = 23000
 tracks = 215 at attempts = 24000
 removing redundant feed-through pins
 the connectivity of all the nets is verified

 block left edge is at -299
 the longest block length is 95100
 building the steiner trees
 rebuilding the steiner tree

----start doing coarse global routing ------ 
 ITERATION  1

  longest Row is:5   Its length is:94500
 doing feed-through pins assignment
 building the net-tree now !
 set up the global routing grids
 the starting value of tracks =  235
 tracks = 235 at attempts =  1000
 tracks = 235 at attempts =  2000
 tracks = 235 at attempts =  3000
 tracks = 235 at attempts =  4000
 tracks = 235 at attempts =  5000
 tracks = 235 at attempts =  6000
 tracks = 235 at attempts =  7000
 tracks = 235 at attempts =  8000
 tracks = 235 at attempts =  9000
 tracks = 235 at attempts = 10000
 tracks = 235 at attempts = 11000
 tracks = 235 at attempts = 12000
 tracks = 235 at attempts = 13000
 tracks = 235 at attempts = 14000
 tracks = 235 at attempts = 15000
 tracks = 235 at attempts = 16000
 tracks = 235 at attempts = 17000
 tracks = 235 at attempts = 18000
 tracks = 235 at attempts = 19000
 tracks = 235 at attempts = 20000
 tracks = 235 at attempts = 21000
 tracks = 235 at attempts = 22000
 tracks = 235 at attempts = 23000
 tracks = 235 at attempts = 24000
 removing redundant feed-through pins
 the connectivity of all the nets is verified

 block left edge is at -299
 the longest block length is 95100
 building the steiner trees
 rebuilding the steiner tree

----start doing coarse global routing ------ 
 ITERATION  1
 ITERATION  2

  longest Row is:6   Its length is:95100
 doing feed-through pins assignment
 building the net-tree now !
 set up the global routing grids
 the starting value of tracks =  242
 tracks = 234 at attempts =  1000
 tracks = 229 at attempts =  2000
 tracks = 227 at attempts =  3000
 tracks = 227 at attempts =  4000
 tracks = 226 at attempts =  5000
 tracks = 226 at attempts =  6000
 tracks = 226 at attempts =  7000
 tracks = 226 at attempts =  8000
 tracks = 226 at attempts =  9000
 tracks = 226 at attempts = 10000
 tracks = 226 at attempts = 11000
 tracks = 226 at attempts = 12000
 tracks = 226 at attempts = 13000
 tracks = 226 at attempts = 14000
 tracks = 226 at attempts = 15000
 tracks = 226 at attempts = 16000
 tracks = 226 at attempts = 17000
 tracks = 226 at attempts = 18000
 tracks = 226 at attempts = 19000
 tracks = 226 at attempts = 20000
 tracks = 226 at attempts = 21000
 tracks = 226 at attempts = 22000
 tracks = 226 at attempts = 23000
 tracks = 226 at attempts = 24000
 removing redundant feed-through pins
 the connectivity of all the nets is verified

 block left edge is at -299
 the longest block length is 95100
 building the steiner trees
 rebuilding the steiner tree

----start doing coarse global routing ------ 
 ITERATION  1
 ITERATION  2

  longest Row is:6   Its length is:95100
 doing feed-through pins assignment
 building the net-tree now !
 set up the global routing grids
 the starting value of tracks =  246
 tracks = 234 at attempts =  1000
 tracks = 225 at attempts =  2000
 tracks = 223 at attempts =  3000
 tracks = 222 at attempts =  4000
 tracks = 222 at attempts =  5000
 tracks = 222 at attempts =  6000
 tracks = 221 at attempts =  7000
 tracks = 221 at attempts =  8000
 tracks = 221 at attempts =  9000
 tracks = 221 at attempts = 10000
 tracks = 221 at attempts = 11000
 tracks = 221 at attempts = 12000
 tracks = 221 at attempts = 13000
 tracks = 221 at attempts = 14000
 tracks = 221 at attempts = 15000
 tracks = 221 at attempts = 16000
 tracks = 221 at attempts = 17000
 tracks = 221 at attempts = 18000
 tracks = 221 at attempts = 19000
 tracks = 221 at attempts = 20000
 tracks = 221 at attempts = 21000
 tracks = 221 at attempts = 22000
 tracks = 221 at attempts = 23000
 tracks = 221 at attempts = 24000
 removing redundant feed-through pins
 the connectivity of all the nets is verified

 block left edge is at -299
 the longest block length is 95100
 building the steiner trees
 rebuilding the steiner tree

----start doing coarse global routing ------ 
 ITERATION  1
 ITERATION  2

  longest Row is:6   Its length is:95400
 doing feed-through pins assignment
 building the net-tree now !
 set up the global routing grids
 the starting value of tracks =  236
 tracks = 227 at attempts =  1000
 tracks = 225 at attempts =  2000
 tracks = 223 at attempts =  3000
 tracks = 222 at attempts =  4000
 tracks = 222 at attempts =  5000
 tracks = 222 at attempts =  6000
 tracks = 221 at attempts =  7000
 tracks = 221 at attempts =  8000
 tracks = 221 at attempts =  9000
 tracks = 221 at attempts = 10000
 tracks = 221 at attempts = 11000
 tracks = 221 at attempts = 12000
 tracks = 221 at attempts = 13000
 tracks = 221 at attempts = 14000
 tracks = 221 at attempts = 15000
 tracks = 221 at attempts = 16000
 tracks = 221 at attempts = 17000
 tracks = 221 at attempts = 18000
 tracks = 221 at attempts = 19000
 tracks = 221 at attempts = 20000
 tracks = 221 at attempts = 21000
 tracks = 221 at attempts = 22000
 tracks = 221 at attempts = 23000
 tracks = 221 at attempts = 24000
 removing redundant feed-through pins
 the connectivity of all the nets is verified

 block left edge is at -299
 the longest block length is 95100
 building the steiner trees
 rebuilding the steiner tree

----start doing coarse global routing ------ 
 ITERATION  1

  longest Row is:5   Its length is:94500
 doing feed-through pins assignment
 building the net-tree now !
 set up the global routing grids
 the starting value of tracks =  242
 tracks = 242 at attempts =  1000
 tracks = 242 at attempts =  2000
 tracks = 242 at attempts =  3000
 tracks = 242 at attempts =  4000
 tracks = 242 at attempts =  5000
 tracks = 242 at attempts =  6000
 tracks = 242 at attempts =  7000
 tracks = 242 at attempts =  8000
 tracks = 242 at attempts =  9000
 tracks = 242 at attempts = 10000
 tracks = 242 at attempts = 11000
 tracks = 242 at attempts = 12000
 tracks = 242 at attempts = 13000
 tracks = 242 at attempts = 14000
 tracks = 242 at attempts = 15000
 tracks = 242 at attempts = 16000
 tracks = 242 at attempts = 17000
 tracks = 242 at attempts = 18000
 tracks = 242 at attempts = 19000
 tracks = 242 at attempts = 20000
 tracks = 242 at attempts = 21000
 tracks = 242 at attempts = 22000
 tracks = 242 at attempts = 23000
 tracks = 242 at attempts = 24000
 removing redundant feed-through pins
 the connectivity of all the nets is verified


***********************************************
*ACTUAL* FINAL NUMBER OF ROUTING TRACKS: 215
***********************************************


TimberWolfSC terminated normally with no errors and 0 warning[s]


twflow terminated normally with no errors and 0 warning[s]

Running getantennacell to determine cell to use for antenna anchors.
getantennacell.tcl ALU_wrapper  /usr/local/share/qflow/tech/etri050/etri050_stdcells.lef 
Running getfillcell to determine cell to use for fill.
getfillcell.tcl ALU_wrapper  /usr/local/share/qflow/tech/etri050/etri050_stdcells.lef FILL
Using cell FILL for fill
Running place2def to translate graywolf output to DEF format.
place2def.tcl ALU_wrapper FILL 
Running place2def.tcl
DEF database: 100 units per micron
Limits: xbot = -802.0 ybot = -300 xtop = 95002.0 ytop = 94095.0
Core values: 150 150 94650 93750
Offsets: 150 150
3 routing layers
315 horizontal tracks from 0.0 to 94500.0 step 300 (M1, M3, ...)
320 vertical tracks from -600.0 to 95400.0 step 300 (M2, M4, ...)
Summary: Total components = 4435
  Fill cells  = 3454
  Other cells = 981
Done with place2def.tcl
Running addspacers to generate power stripes and align cell right edge
addspacers -stripe 8 225 PG  -p vdd -g gnd -f FILL -O   -l  /usr/local/share/qflow/tech/etri050/etri050_stdcells.lef -o ALU_wrapper_filled.def ALU_wrapper
Warning:  Stretching requested, but not applicable.
Stripe width requested = 8, stripe width used = 9
Will not generate over-cell power stripes due to lack of route layers
Generating comb structures instead.
Initial core layout: (150 150) to (94650 93750) (scale um * 100)
Running arrangepins to adjust pin positions for optimal routing.
arrangepins.tcl  ALU_wrapper
Reading info file ALU_wrapper.info. . .
Reading DEF file ALU_wrapper.def. . .
Recalculating pin positions
Writing DEF file ALU_wrapper_mod.def. . .
Done with arrangepins.tcl
DEF2Verilog -v /home/goodkook/ETRI050_DesignKit/devel/Ref_Design/ALU8/synthesis/ALU_wrapper.rtlnopwr.v -o /home/goodkook/ETRI050_DesignKit/devel/Ref_Design/ALU8/synthesis/ALU_wrapper_anno.v
-p vdd -g gnd  -l  /usr/local/share/qflow/tech/etri050/etri050_stdcells.lef ALU_wrapper.def

Generating RTL verilog and SPICE netlist file in directory
   /home/goodkook/ETRI050_DesignKit/devel/Ref_Design/ALU8/synthesis
Files:
   Verilog: /home/goodkook/ETRI050_DesignKit/devel/Ref_Design/ALU8/synthesis/ALU_wrapper.rtl.v
   Verilog: /home/goodkook/ETRI050_DesignKit/devel/Ref_Design/ALU8/synthesis/ALU_wrapper.rtlnopwr.v
   Verilog: /home/goodkook/ETRI050_DesignKit/devel/Ref_Design/ALU8/synthesis/ALU_wrapper.rtlbb.v
   Spice:   /home/goodkook/ETRI050_DesignKit/devel/Ref_Design/ALU8/synthesis/ALU_wrapper.spc

Running vlog2Verilog.
vlog2Verilog -c -v vdd -g gnd -o ALU_wrapper.rtl.v ALU_wrapper_anno.v
vlog2Verilog -c -p -v vdd -g gnd -o ALU_wrapper.rtlnopwr.v ALU_wrapper_anno.v
vlog2Verilog -c -b -p -n -v vdd -g gnd -o ALU_wrapper.rtlbb.v ALU_wrapper_anno.v
Running vlog2Spice.
vlog2Spice -i -l  /usr/local/share/qflow/tech/etri050/etri050_stdcells.sp -o ALU_wrapper.spc ALU_wrapper.rtl.v
Warning:  No SPICE subcircuit for FILL.  Pin order will be arbitrary.
Placement script ended on Tue May 14 15:16:58 KST 2024
